<?xml version="1.0" encoding="UTF-8"?>
<testsuite name="com.bionicfish.controller.protocol.AsciiProtocolTest" tests="8" skipped="0" failures="0" errors="0" timestamp="2026-09-06T09:44:04.042Z" hostname="HIW" time="0.003">
  <properties/>
  <testcase name="status parser rejects a non-firmware speed tier" classname="com.bionicfish.controller.protocol.AsciiProtocolTest" time="0.001"/>
  <testcase name="duplicate known field is rejected" classname="com.bionicfish.controller.protocol.AsciiProtocolTest" time="0.0"/>
  <testcase name="encode control uses current five-field firmware contract" classname="com.bionicfish.controller.protocol.AsciiProtocolTest" time="0.0"/>
  <testcase name="decoder handles split and coalesced frames" classname="com.bionicfish.controller.protocol.AsciiProtocolTest" time="0.001"/>
  <testcase name="command rejects turn and servo mismatch" classname="com.bionicfish.controller.protocol.AsciiProtocolTest" time="0.0"/>
  <testcase name="all command ranges and semantic rules remain guarded" classname="com.bionicfish.controller.protocol.AsciiProtocolTest" time="0.0"/>
  <testcase name="status parser preserves unavailable measurements and ignores unknown extension" classname="com.bionicfish.controller.protocol.AsciiProtocolTest" time="0.001"/>
  <testcase name="decoder times out incomplete frame and recovers" classname="com.bionicfish.controller.protocol.AsciiProtocolTest" time="0.0"/>
  <system-out><![CDATA[]]></system-out>
  <system-err><![CDATA[]]></system-err>
</testsuite>
