<?xml version="1.0" encoding="UTF-8"?>
<testsuite name="com.bionicfish.controller.transport.TcpSocketConnectorTest" tests="9" skipped="0" failures="0" errors="0" timestamp="2026-09-06T09:44:04.110Z" hostname="HIW" time="0.026">
  <properties/>
  <testcase name="AP matches only its direct IPv4 subnet and never a default or gateway route" classname="com.bionicfish.controller.transport.TcpSocketConnectorTest" time="0.001"/>
  <testcase name="closing a registered callback repeatedly only unregisters once" classname="com.bionicfish.controller.transport.TcpSocketConnectorTest" time="0.001"/>
  <testcase name="transport disconnect cancels a pending socket attempt and unregisters network" classname="com.bionicfish.controller.transport.TcpSocketConnectorTest" time="0.006"/>
  <testcase name="cancelling an in-progress connection promptly closes socket and network subscription" classname="com.bionicfish.controller.transport.TcpSocketConnectorTest" time="0.006"/>
  <testcase name="AP address parsing rejects DNS names and malformed addresses without resolving" classname="com.bionicfish.controller.transport.TcpSocketConnectorTest" time="0.0"/>
  <testcase name="connect failure closes socket and network subscription exactly once" classname="com.bionicfish.controller.transport.TcpSocketConnectorTest" time="0.004"/>
  <testcase name="registration is reclaimed when network is lost before register returns" classname="com.bionicfish.controller.transport.TcpSocketConnectorTest" time="0.0"/>
  <testcase name="old Wi-Fi callback cannot close or fail a new TCP session" classname="com.bionicfish.controller.transport.TcpSocketConnectorTest" time="0.006"/>
  <testcase name="default connector refuses AP routing instead of falling back to a default network" classname="com.bionicfish.controller.transport.TcpSocketConnectorTest" time="0.001"/>
  <system-out><![CDATA[]]></system-out>
  <system-err><![CDATA[]]></system-err>
</testsuite>
