<?xml version="1.0" encoding="UTF-8"?>
<testsuite name="com.bionicfish.controller.protocol.AsciiProtocolTest" tests="23" skipped="0" failures="0" errors="0" timestamp="2026-09-23T02:20:28.574Z" hostname="HIW" time="0.01">
  <properties/>
  <testcase name="explicit step_on is authoritative over old target rpm inference" classname="com.bionicfish.controller.protocol.AsciiProtocolTest" time="0.001"/>
  <testcase name="only NA and integer firmware speed tiers are valid for either rpm field" classname="com.bionicfish.controller.protocol.AsciiProtocolTest" time="0.002"/>
  <testcase name="outbound commands accept fifteen degree endpoints and reject sixteen" classname="com.bionicfish.controller.protocol.AsciiProtocolTest" time="0.001"/>
  <testcase name="firmware status with NA rpm and fault 160 is accepted as stopped" classname="com.bionicfish.controller.protocol.AsciiProtocolTest" time="0.0"/>
  <testcase name="target and estimated rpm independently accept NA" classname="com.bionicfish.controller.protocol.AsciiProtocolTest" time="0.0"/>
  <testcase name="legacy inbound servo thirty remains accepted independently from command range" classname="com.bionicfish.controller.protocol.AsciiProtocolTest" time="0.001"/>
  <testcase name="invalid and duplicate motor directions reject entire status" classname="com.bionicfish.controller.protocol.AsciiProtocolTest" time="0.0"/>
  <testcase name="old numeric firmware status retains all speed tiers and running inference" classname="com.bionicfish.controller.protocol.AsciiProtocolTest" time="0.0"/>
  <testcase name="status parser rejects a non-firmware speed tier" classname="com.bionicfish.controller.protocol.AsciiProtocolTest" time="0.001"/>
  <testcase name="duplicate known field is rejected" classname="com.bionicfish.controller.protocol.AsciiProtocolTest" time="0.0"/>
  <testcase name="decoder handles split and coalesced frames" classname="com.bionicfish.controller.protocol.AsciiProtocolTest" time="0.0"/>
  <testcase name="present step_on must be exactly zero or one" classname="com.bionicfish.controller.protocol.AsciiProtocolTest" time="0.0"/>
  <testcase name="both command models explicitly default motor2 to stopped and safe stop stops both" classname="com.bionicfish.controller.protocol.AsciiProtocolTest" time="0.001"/>
  <testcase name="command rejects turn and servo mismatch" classname="com.bionicfish.controller.protocol.AsciiProtocolTest" time="0.001"/>
  <testcase name="encode complete dual motor target appends m2 after servo" classname="com.bionicfish.controller.protocol.AsciiProtocolTest" time="0.0"/>
  <testcase name="all command ranges and semantic rules remain guarded" classname="com.bionicfish.controller.protocol.AsciiProtocolTest" time="0.001"/>
  <testcase name="status parses all independent direction combinations and preserves absent legacy fields" classname="com.bionicfish.controller.protocol.AsciiProtocolTest" time="0.0"/>
  <testcase name="NA acceptance does not make any mandatory status field optional" classname="com.bionicfish.controller.protocol.AsciiProtocolTest" time="0.001"/>
  <testcase name="status parser preserves unavailable measurements and ignores unknown extension" classname="com.bionicfish.controller.protocol.AsciiProtocolTest" time="0.0"/>
  <testcase name="NA rpm and attitude with fault 163 remain valid while step is running" classname="com.bionicfish.controller.protocol.AsciiProtocolTest" time="0.0"/>
  <testcase name="NA rpm without step_on has unknown running state instead of stopped" classname="com.bionicfish.controller.protocol.AsciiProtocolTest" time="0.0"/>
  <testcase name="wire decoder preserves ACK and split NA status for handshake" classname="com.bionicfish.controller.protocol.AsciiProtocolTest" time="0.0"/>
  <testcase name="decoder times out incomplete frame and recovers" classname="com.bionicfish.controller.protocol.AsciiProtocolTest" time="0.0"/>
  <system-out><![CDATA[]]></system-out>
  <system-err><![CDATA[]]></system-err>
</testsuite>
