<?xml version="1.0" encoding="UTF-8"?>
<testsuite name="com.bionicfish.controller.telemetry.TelemetryModelsTest" tests="5" skipped="0" failures="0" errors="0" timestamp="2026-09-23T02:20:28.606Z" hostname="HIW" time="0.001">
  <properties/>
  <testcase name="NA measurements remain absent while step_on supplies independent running state" classname="com.bionicfish.controller.telemetry.TelemetryModelsTest" time="0.0"/>
  <testcase name="motor directions are independent and M1 stopped does not hide M2 reverse" classname="com.bionicfish.controller.telemetry.TelemetryModelsTest" time="0.001"/>
  <testcase name="missing step_on and NA speeds remain unknown after telemetry mapping" classname="com.bionicfish.controller.telemetry.TelemetryModelsTest" time="0.0"/>
  <testcase name="old numeric running inference is preserved by telemetry mapping" classname="com.bionicfish.controller.telemetry.TelemetryModelsTest" time="0.0"/>
  <testcase name="explicit step_on takes priority even when a numeric legacy speed differs" classname="com.bionicfish.controller.telemetry.TelemetryModelsTest" time="0.0"/>
  <system-out><![CDATA[]]></system-out>
  <system-err><![CDATA[]]></system-err>
</testsuite>
